<?xml version="1.0" encoding="UTF-8"?>
<!-- Generated by org.testng.reporters.JUnitReportReporter -->
<testsuite hostname="TAHIR" failures="0" tests="1" name="test.VerifyAddToCartForSingleProduct" time="12.484" errors="0" timestamp="2022-11-05T15:15:21 IST" skipped="0">
  <testcase classname="test.VerifyAddToCartForSingleProduct" name="verifyProductIsAddedToCart" time="12.484"/>
  <system-out/>
</testsuite> <!-- test.VerifyAddToCartForSingleProduct -->
