<?xml version="1.0" encoding="UTF-8"?>
<!-- Generated by org.testng.reporters.JUnitReportReporter -->
<testsuite hostname="TAHIR" failures="0" tests="1" name="test.VerifyAddToCartButton" time="14.241" errors="0" timestamp="2022-11-04T15:39:01 IST" skipped="0">
  <testcase classname="test.VerifyAddToCartButton" name="verifyAllProductRemoveFromProductPage" time="14.241"/>
  <system-out/>
</testsuite> <!-- test.VerifyAddToCartButton -->
